<?xml version="1.0" encoding="UTF-8"?>
<!-- Generated by org.testng.reporters.JUnitReportReporter -->
<testsuite hostname="LAPTOP-244IHO30" failures="0" tests="3" name="demo.TestNgTutorialHomeLoan" time="0.011" errors="0" timestamp="2023-03-11T17:50:56 IST" skipped="0">
  <testcase classname="demo.TestNgTutorialHomeLoan" name="LoginAPIHomeLoan" time="0.008"/>
  <system-out/>
  <testcase classname="demo.TestNgTutorialHomeLoan" name="mobileLoginHomeLoan" time="0.001"/>
  <system-out/>
  <testcase classname="demo.TestNgTutorialHomeLoan" name="webLoginHomeLoan" time="0.002"/>
  <system-out/>
</testsuite> <!-- demo.TestNgTutorialHomeLoan -->
