<?xml version="1.0" encoding="UTF-8"?>
<!-- Generated by org.testng.reporters.JUnitReportReporter -->
<testsuite hostname="LAPTOP-244IHO30" failures="0" tests="5" name="demo.TestNgTutorialPersonelLoan" time="0.013" errors="0" timestamp="2023-03-11T17:50:56 IST" skipped="0">
  <testcase classname="demo.TestNgTutorialPersonelLoan" name="loginWithWeb" time="0.002"/>
  <system-out/>
  <testcase classname="demo.TestNgTutorialPersonelLoan" name="loginWithWeb" time="0.001"/>
  <system-out/>
  <testcase classname="demo.TestNgTutorialPersonelLoan" name="loginWithMobile" time="0.002"/>
  <system-out/>
  <testcase classname="demo.TestNgTutorialPersonelLoan" name="loginWithAPI" time="0.005"/>
  <system-out/>
  <testcase classname="demo.TestNgTutorialPersonelLoan" name="loginWithWeb" time="0.003"/>
  <system-out/>
</testsuite> <!-- demo.TestNgTutorialPersonelLoan -->
