<?xml version="1.0" encoding="UTF-8"?>
<!-- Generated by org.testng.reporters.JUnitReportReporter -->
<testsuite hostname="LAPTOP-244IHO30" failures="0" tests="3" name="demo.TestNgTutorialCarLoan" time="0.010" errors="0" timestamp="2023-03-11T17:50:56 IST" skipped="0">
  <testcase classname="demo.TestNgTutorialCarLoan" name="LoginAPICraLoan" time="0.005"/>
  <system-out/>
  <testcase classname="demo.TestNgTutorialCarLoan" name="webLogincarLoan" time="0.003"/>
  <system-out/>
  <testcase classname="demo.TestNgTutorialCarLoan" name="mobileLogincarLoan" time="0.002"/>
  <system-out/>
</testsuite> <!-- demo.TestNgTutorialCarLoan -->
