<?xml version="1.0" encoding="UTF-8"?>
<!-- Generated by org.testng.reporters.JUnitReportReporter -->
<testsuite hostname="LAPTOP-244IHO30" failures="0" tests="2" name="demo.TestNgTutorial2" time="0.003" errors="0" timestamp="2023-03-05T20:19:27 IST" skipped="0">
  <testcase classname="demo.TestNgTutorial2" name="demo2" time="0.001"/>
  <system-out/>
  <testcase classname="demo.TestNgTutorial2" name="demo1" time="0.002"/>
  <system-out/>
</testsuite> <!-- demo.TestNgTutorial2 -->
